<?xml version="1.0" encoding="UTF-8" ?>
<testsuite failures="0" time="0.018" errors="0" skipped="0" tests="1" name="org.curious.felidae.AppTest">
  <properties>
    <property name="java.runtime.name" value="Java(TM) SE Runtime Environment"/>
    <property name="sun.boot.library.path" value="C:\Program Files\Java\jdk1.6.0_21\jre\bin"/>
    <property name="java.vm.version" value="17.0-b17"/>
    <property name="java.vm.vendor" value="Sun Microsystems Inc."/>
    <property name="java.vendor.url" value="http://java.sun.com/"/>
    <property name="path.separator" value=";"/>
    <property name="java.vm.name" value="Java HotSpot(TM) 64-Bit Server VM"/>
    <property name="file.encoding.pkg" value="sun.io"/>
    <property name="user.country" value="US"/>
    <property name="sun.java.launcher" value="SUN_STANDARD"/>
    <property name="sun.os.patch.level" value=""/>
    <property name="java.vm.specification.name" value="Java Virtual Machine Specification"/>
    <property name="user.dir" value="C:\Users\Jarl\Documents\NetBeansProjects\felidae"/>
    <property name="java.runtime.version" value="1.6.0_21-b07"/>
    <property name="java.awt.graphicsenv" value="sun.awt.Win32GraphicsEnvironment"/>
    <property name="basedir" value="C:\Users\Jarl\Documents\NetBeansProjects\felidae"/>
    <property name="java.endorsed.dirs" value="C:\Program Files\Java\jdk1.6.0_21\jre\lib\endorsed"/>
    <property name="os.arch" value="amd64"/>
    <property name="surefire.real.class.path" value="C:\Users\Jarl\AppData\Local\Temp\surefirebooter364397829870006621.jar"/>
    <property name="java.io.tmpdir" value="C:\Users\Jarl\AppData\Local\Temp\"/>
    <property name="line.separator" value="
"/>
    <property name="java.vm.specification.vendor" value="Sun Microsystems Inc."/>
    <property name="user.variant" value=""/>
    <property name="os.name" value="Windows 7"/>
    <property name="sun.jnu.encoding" value="Cp1252"/>
    <property name="java.library.path" value="C:\Program Files\Java\jdk1.6.0_21\jre\bin;.;C:\Windows\Sun\Java\bin;C:\Windows\system32;C:\Windows;C:\Program Files\Common Files\Microsoft Shared\Windows Live;C:\Program Files (x86)\Haskell\bin;C:\Program Files (x86)\Haskell Platform\2010.2.0.0\lib\extralibs\bin;C:\Program Files (x86)\Haskell Platform\2010.2.0.0\bin;C:\Program Files\Java\jdk1.6.0_21\bin;C:\Program Files (x86)\NVIDIA Corporation\PhysX\Common;C:\Program Files (x86)\CollabNet Subversion Client;C:\Windows\system32;C:\Windows;C:\Windows\System32\Wbem;C:\Windows\System32\WindowsPowerShell\v1.0\;C:\python26;C:\OrCAD\OrCAD_16.2\tools\pcb\bin;C:\OrCAD\OrCAD_16.2\tools\fet\bin;C:\OrCAD\OrCAD_16.2\tools\specctra\bin;C:\OrCAD\OrCAD_16.2\tools\PSpice;C:\OrCAD\OrCAD_16.2\tools\PSpice\Library;C:\OrCAD\OrCAD_16.2\tools\Capture;C:\OrCAD\OrCAD_16.2\tools\bin;C:\Program Files\MATLAB\R2009b\runtime\win64;C:\Program Files\MATLAB\R2009b\bin;C:\Program Files (x86)\GtkSharp\2.12\bin;C:\Program Files (x86)\cvsnt;C:\Cobra\bin;C:\opentk\bin;C:\Program Files (x86)\CollabNet Subversion Client;C:\Program Files\TortoiseSVN\bin;C:\jython2.5.1\bin;C:\apache-ant-1.8.1\bin;C:\javacc-5.0\bin;%SCALA_HOME%\bin;C:\lwjgl-2.4.2\native\windows;C:\apache-maven-2.2.1\bin;C:\clojure-1.1.0;C:\sbt;C:\Program Files\jEdit;C:\leiningen\bin;C:\Program Files (x86)\GnuWin32\bin;C:\Program Files (x86)\Objective Caml\bin;C:\Program Files\MySQL\MySQL Server 5.1\bin;C:\Program Files (x86)\Graphviz2.26.3\bin;C:\clojure\;C:\Program Files (x86)\QuickTime\QTSystem\;C:\Program Files (x86)\Git\cmd;C:\Program Files (x86)\MiKTeX 2.8\miktex\bin;C:\Users\Jarl\AppData\Roaming\cabal\bin;C:\Program Files (x86)\Steel Bank Common Lisp\1.0.37\;C:\Progra~1\scala\bin"/>
    <property name="surefire.test.class.path" value="C:\Users\Jarl\Documents\NetBeansProjects\felidae\target\test-classes;C:\Users\Jarl\Documents\NetBeansProjects\felidae\target\classes;C:\Users\Jarl\.m2\repository\junit\junit\3.8.1\junit-3.8.1.jar;C:\Users\Jarl\.m2\repository\org\jbox2d\jbox2d\2.0.1\jbox2d-2.0.1.jar;C:\Users\Jarl\.m2\repository\org\clojure\clojure\1.2.0\clojure-1.2.0.jar;C:\Users\Jarl\.m2\repository\com\jogamp\gluegen-rt\2.0\gluegen-rt-2.0.jar;C:\Users\Jarl\.m2\repository\com\jogamp\nativewindow.all\2.0\nativewindow.all-2.0.jar;C:\Users\Jarl\.m2\repository\com\jogamp\jogl.all\2.0\jogl.all-2.0.jar;C:\Users\Jarl\.m2\repository\com\jogamp\jogl.awt\2.0\jogl.awt-2.0.jar;"/>
    <property name="java.specification.name" value="Java Platform API Specification"/>
    <property name="java.class.version" value="50.0"/>
    <property name="sun.management.compiler" value="HotSpot 64-Bit Server Compiler"/>
    <property name="os.version" value="6.1"/>
    <property name="user.home" value="C:\Users\Jarl"/>
    <property name="user.timezone" value=""/>
    <property name="java.awt.printerjob" value="sun.awt.windows.WPrinterJob"/>
    <property name="java.specification.version" value="1.6"/>
    <property name="file.encoding" value="Cp1252"/>
    <property name="user.name" value="Jarl"/>
    <property name="java.class.path" value="C:\Users\Jarl\Documents\NetBeansProjects\felidae\target\test-classes;C:\Users\Jarl\Documents\NetBeansProjects\felidae\target\classes;C:\Users\Jarl\.m2\repository\junit\junit\3.8.1\junit-3.8.1.jar;C:\Users\Jarl\.m2\repository\org\jbox2d\jbox2d\2.0.1\jbox2d-2.0.1.jar;C:\Users\Jarl\.m2\repository\org\clojure\clojure\1.2.0\clojure-1.2.0.jar;C:\Users\Jarl\.m2\repository\com\jogamp\gluegen-rt\2.0\gluegen-rt-2.0.jar;C:\Users\Jarl\.m2\repository\com\jogamp\nativewindow.all\2.0\nativewindow.all-2.0.jar;C:\Users\Jarl\.m2\repository\com\jogamp\jogl.all\2.0\jogl.all-2.0.jar;C:\Users\Jarl\.m2\repository\com\jogamp\jogl.awt\2.0\jogl.awt-2.0.jar;"/>
    <property name="java.vm.specification.version" value="1.0"/>
    <property name="sun.arch.data.model" value="64"/>
    <property name="java.home" value="C:\Program Files\Java\jdk1.6.0_21\jre"/>
    <property name="java.specification.vendor" value="Sun Microsystems Inc."/>
    <property name="user.language" value="en"/>
    <property name="awt.toolkit" value="sun.awt.windows.WToolkit"/>
    <property name="java.vm.info" value="mixed mode"/>
    <property name="java.version" value="1.6.0_21"/>
    <property name="java.ext.dirs" value="C:\Program Files\Java\jdk1.6.0_21\jre\lib\ext;C:\Windows\Sun\Java\lib\ext"/>
    <property name="sun.boot.class.path" value="C:\Program Files\Java\jdk1.6.0_21\jre\lib\resources.jar;C:\Program Files\Java\jdk1.6.0_21\jre\lib\rt.jar;C:\Program Files\Java\jdk1.6.0_21\jre\lib\sunrsasign.jar;C:\Program Files\Java\jdk1.6.0_21\jre\lib\jsse.jar;C:\Program Files\Java\jdk1.6.0_21\jre\lib\jce.jar;C:\Program Files\Java\jdk1.6.0_21\jre\lib\charsets.jar;C:\Program Files\Java\jdk1.6.0_21\jre\classes"/>
    <property name="java.vendor" value="Sun Microsystems Inc."/>
    <property name="localRepository" value="C:\Users\Jarl\.m2\repository"/>
    <property name="file.separator" value="\"/>
    <property name="java.vendor.url.bug" value="http://java.sun.com/cgi-bin/bugreport.cgi"/>
    <property name="sun.cpu.endian" value="little"/>
    <property name="sun.io.unicode.encoding" value="UnicodeLittle"/>
    <property name="sun.desktop" value="windows"/>
    <property name="sun.cpu.isalist" value="amd64"/>
  </properties>
  <testcase time="0.003" classname="org.curious.felidae.AppTest" name="testApp"/>
</testsuite>